<?xml version="1.0" encoding="UTF-8"?>
<!-- Generated by org.testng.reporters.JUnitReportReporter -->
<testsuite hostname="CTL-16" name="unitTest.BrowserFactoryTest" tests="2" failures="0" timestamp="2 Feb 2018 08:30:42 GMT" time="6.476" errors="0">
  <testcase name="testIE" time="2.709" classname="unitTest.BrowserFactoryTest"/>
  <testcase name="testchrome" time="3.767" classname="unitTest.BrowserFactoryTest"/>
</testsuite> <!-- unitTest.BrowserFactoryTest -->
