<?xml version="1.0" encoding="UTF-8"?>
<!-- Generated by org.testng.reporters.JUnitReportReporter -->
<testsuite hostname="CTL-16" name="unitTest.BrowserFactoryTest" tests="2" failures="0" timestamp="2 Feb 2018 07:28:48 GMT" time="7.233" errors="0">
  <testcase name="testIE" time="2.951" classname="unitTest.BrowserFactoryTest"/>
  <testcase name="testchrome" time="4.282" classname="unitTest.BrowserFactoryTest"/>
</testsuite> <!-- unitTest.BrowserFactoryTest -->
