<?xml version="1.0" encoding="UTF-8"?>
<!-- Generated by org.testng.reporters.JUnitReportReporter -->
<testsuite hostname="CTL-16" name="unitTest.DataProviderFactoryTest" tests="2" failures="0" timestamp="29 Jan 2018 14:11:15 GMT" time="0.034" errors="0">
  <testcase name="testgetExcelObject" time="0.033" classname="unitTest.DataProviderFactoryTest"/>
  <testcase name="testgetConfigObject" time="0.001" classname="unitTest.DataProviderFactoryTest"/>
</testsuite> <!-- unitTest.DataProviderFactoryTest -->
