<?xml version="1.0" encoding="UTF-8"?>
<!-- Generated by org.testng.reporters.JUnitReportReporter -->
<testsuite hostname="CTL-16" name="unitTest.DataProviderTest" tests="2" failures="0" timestamp="1 Feb 2018 14:22:12 GMT" time="0.464" errors="0">
  <testcase name="testConfigDataProvider" time="0.002" classname="unitTest.DataProviderTest"/>
  <testcase name="testExcelDataProvider" time="0.462" classname="unitTest.DataProviderTest"/>
</testsuite> <!-- unitTest.DataProviderTest -->
