<?xml version="1.0" encoding="UTF-8"?>
<!-- Generated by org.testng.reporters.JUnitReportReporter -->
<testsuite hostname="CTL-16" name="unitTest.DataProviderFactoryTest" tests="2" failures="0" timestamp="2 Feb 2018 08:30:42 GMT" time="0.028" errors="0">
  <testcase name="testgetConfigObject" time="0.001" classname="unitTest.DataProviderFactoryTest"/>
  <testcase name="testgetExcelObject" time="0.027" classname="unitTest.DataProviderFactoryTest"/>
</testsuite> <!-- unitTest.DataProviderFactoryTest -->
