<?xml version="1.0" encoding="UTF-8"?>
<!-- Generated by org.testng.reporters.JUnitReportReporter -->
<testsuite hostname="CTL-16" name="unitTest.DataProviderTest" tests="2" failures="0" timestamp="29 Jan 2018 14:11:15 GMT" time="0.498" errors="0">
  <testcase name="testConfigDataProvider" time="0.002" classname="unitTest.DataProviderTest"/>
  <testcase name="testExcelDataProvider" time="0.496" classname="unitTest.DataProviderTest"/>
</testsuite> <!-- unitTest.DataProviderTest -->
